[
    {
        "id": "rutin-6",
        "title": "Tri - Monitoring Progress Investasi dengan nilai AUC",
        "start": "2024-11-10",
        "allDay": true,
        "color": "#960311"
    },
    {
        "id": "rutin-11",
        "title": "Nana - Cleansing UTIP atas uang masuk dari klaim asuransi",
        "start": "2024-11-30",
        "allDay": true,
        "color": "#960311"
    },
    {
        "id": "rutin-4",
        "title": "Maul - Evaluasi selisih DAT vs SAP",
        "start": "2024-11-30",
        "allDay": true,
        "color": "#960311"
    },
    {
        "id": "rutin-3",
        "title": "Maul - Evaluasi naik turunnya Biaya Penyusutan",
        "start": "2024-11-30",
        "allDay": true,
        "color": "#960311"
    },
    {
        "id": "rutin-8",
        "title": "Nana - Pengisian Update Progress RKM",
        "start": "2024-11-30",
        "allDay": true,
        "color": "#960311"
    },
    {
        "id": "rutin-10",
        "title": "Nana - Penyuusunan BA pemenuhan klaim asuransi",
        "start": "2024-12-07",
        "allDay": true,
        "color": "#960311"
    },
    {
        "id": "rutin-7",
        "title": "Nana - Pengisian Update Progress KPI",
        "start": "2025-01-20",
        "allDay": true,
        "color": "#960311"
    },
    {
        "id": "rutin-9",
        "title": "Nana - Pengisian Update Progress Risiko (Aplikasi Prima)",
        "start": "2025-01-07",
        "allDay": true,
        "color": "#960311"
    },
    {
        "id": "rutin-2",
        "title": "Maul - Mutasi aset dan penjelasan selisih aset",
        "start": "2025-06-01",
        "allDay": true,
        "color": "#960311"
    },
    {
        "id": "rutin-5",
        "title": "Tri - Settlement AUC",
        "start": "2025-06-30",
        "allDay": true,
        "color": "#000000"
    },
    {
        "id": "rutin-1",
        "title": "Maul - Penyampaian bukti settlement DAT untuk bukti KPI",
        "start": "2025-06-09",
        "allDay": true,
        "color": "#960311"
    },
    {
        "id": "pekerjaan-39",
        "title": "Maul - Aset Tersedia dijual",
        "start": "2024-09-30",
        "allDay": true,
        "color": "#dc3545"
    },
    {
        "id": "pekerjaan-32",
        "title": "Tri - Monitoring transfer cost center biaya penyusutan aset IT ke HO (Dilaksanakan Januari 2025)",
        "start": "2025-01-31",
        "allDay": true,
        "color": "#dc3545"
    },
    {
        "id": "pekerjaan-27",
        "title": "Tri - Mapping aset tanah dan properti investasi tanah",
        "start": "2025-06-04",
        "allDay": true,
        "color": "#dc3545"
    },
    {
        "id": "pekerjaan-123",
        "title": "Nana - Review Disposisi SM Aset terkait pekerjaan di Dep Aset Tetap",
        "start": "2025-06-04",
        "allDay": true,
        "color": "#dc3545"
    },
    {
        "id": "pekerjaan-57",
        "title": "Maul - Perbaikan Dashboard penjelasan selisih DAT vs TB SAP sampai level profit Center",
        "start": "2025-06-05",
        "allDay": true,
        "color": "#dc3545"
    },
    {
        "id": "pekerjaan-34",
        "title": "Tri - Pencatatan 2 aset tanjung Emas Ex Bank Jateng dan Ex PT Portek",
        "start": "2025-06-09",
        "allDay": true,
        "color": "#dc3545"
    },
    {
        "id": "pekerjaan-94",
        "title": "Nana - ND Ke GH MNAT Terkait usulan penghapusan Aset \/ Non Aset Salvage Asuransi",
        "start": "2025-06-09",
        "allDay": true,
        "color": "#dc3545"
    },
    {
        "id": "pekerjaan-101",
        "title": "Nana - ND Ke GH MNAT terkait laporan penhapusan aset CCTV dan Forklift Patria",
        "start": "2025-06-09",
        "allDay": true,
        "color": "#dc3545"
    },
    {
        "id": "pekerjaan-102",
        "title": "Nana - Pencatatan aset Sinohydro di Tanjung Emas Semarang",
        "start": "2025-06-09",
        "allDay": true,
        "color": "#dc3545"
    },
    {
        "id": "pekerjaan-41",
        "title": "Tri - KK klarifikasi kategori penghapusan non aset all subreg",
        "start": "2025-06-10",
        "allDay": true,
        "color": "#0dcaf0"
    },
    {
        "id": "pekerjaan-15",
        "title": "Tri - Kertas kerja perbaikan data aset dari seluruh Sub Regional (untuk RKM 2025)",
        "start": "2025-06-11",
        "allDay": true,
        "color": "#6c757d"
    },
    {
        "id": "pekerjaan-29",
        "title": "Tri - Eksekusi Grouping aset dengan nama aset berupa kata kerja (peninggian, overlay, perbaikan, dll) ke aset induknya",
        "start": "2025-06-18",
        "allDay": true,
        "color": "#ffc107"
    },
    {
        "id": "pekerjaan-30",
        "title": "Tri - Perbaikan Nama Aset sesuai dengan lokasi ",
        "start": "2025-06-18",
        "allDay": true,
        "color": "#0dcaf0"
    }
]